app/build/outputs/apk/manifest-merger-debug-report.txt
-- Merging decision tree log ---
manifest
ADDED from AndroidManifest.xml:2:1
	package
		ADDED from AndroidManifest.xml:3:5
		INJECTED from AndroidManifest.xml:0:0
		INJECTED from AndroidManifest.xml:0:0
	android:versionName
		ADDED from AndroidManifest.xml:5:5
	android:versionCode
		ADDED from AndroidManifest.xml:4:5
		INJECTED from AndroidManifest.xml:0:0
		INJECTED from AndroidManifest.xml:0:0
	xmlns:android
		ADDED from AndroidManifest.xml:2:11
uses-sdk
ADDED from AndroidManifest.xml:7:5
MERGED from com.android.support:support-v4:21.0.2:15:5
MERGED from CharityDemo:library:unspecified:7:5
MERGED from com.android.support:support-v4:21.0.2:15:5
	android:targetSdkVersion
		ADDED from AndroidManifest.xml:9:9
		INJECTED from AndroidManifest.xml:0:0
		INJECTED from AndroidManifest.xml:0:0
	android:minSdkVersion
		ADDED from AndroidManifest.xml:8:9
		INJECTED from AndroidManifest.xml:0:0
		INJECTED from AndroidManifest.xml:0:0
uses-permission#android.permission.ACCESS_COARSE_LOCATION
ADDED from AndroidManifest.xml:12:5
	android:name
		ADDED from AndroidManifest.xml:12:22
uses-permission#android.permission.READ_PHONE_STATE
ADDED from AndroidManifest.xml:13:5
	android:name
		ADDED from AndroidManifest.xml:13:22
uses-permission#android.permission.CHANGE_WIFI_STATE
ADDED from AndroidManifest.xml:14:5
	android:name
		ADDED from AndroidManifest.xml:14:22
uses-permission#android.permission.ACCESS_WIFI_STATE
ADDED from AndroidManifest.xml:15:5
	android:name
		ADDED from AndroidManifest.xml:15:22
uses-permission#android.permission.CHANGE_CONFIGURATION
ADDED from AndroidManifest.xml:16:5
	android:name
		ADDED from AndroidManifest.xml:16:22
uses-permission#android.permission.WAKE_LOCK
ADDED from AndroidManifest.xml:17:5
	android:name
		ADDED from AndroidManifest.xml:17:22
uses-permission#android.permission.INTERNET
ADDED from AndroidManifest.xml:19:5
	android:name
		ADDED from AndroidManifest.xml:19:22
uses-permission#android.permission.ACCESS_NETWORK_STATE
ADDED from AndroidManifest.xml:20:5
	android:name
		ADDED from AndroidManifest.xml:20:22
uses-permission#android.permission.ACCESS_FINE_LOCATION
ADDED from AndroidManifest.xml:21:5
	android:name
		ADDED from AndroidManifest.xml:21:22
uses-permission#android.permission.CAMERA
ADDED from AndroidManifest.xml:22:5
	android:name
		ADDED from AndroidManifest.xml:22:22
uses-permission#android.permission.WRITE_EXTERNAL_STORAGE
ADDED from AndroidManifest.xml:23:5
	android:name
		ADDED from AndroidManifest.xml:23:22
uses-permission#android.permission.MOUNT_UNMOUNT_FILESYSTEMS
ADDED from AndroidManifest.xml:24:5
	android:name
		ADDED from AndroidManifest.xml:24:22
android:uses-permission#android.permission.READ_PHONE_STATE
ADDED from AndroidManifest.xml:26:5
	android:name
		ADDED from AndroidManifest.xml:26:30
android:uses-permission#android.permission.READ_EXTERNAL_STORAGE
ADDED from AndroidManifest.xml:28:5
	android:maxSdkVersion
		ADDED from AndroidManifest.xml:30:9
	android:name
		ADDED from AndroidManifest.xml:29:9
application
ADDED from AndroidManifest.xml:32:5
MERGED from com.android.support:support-v4:21.0.2:16:5
MERGED from CharityDemo:library:unspecified:11:5
MERGED from com.android.support:support-v4:21.0.2:16:5
	android:label
		ADDED from AndroidManifest.xml:36:9
	android:allowBackup
		ADDED from AndroidManifest.xml:34:9
	android:icon
		ADDED from AndroidManifest.xml:35:9
	android:theme
		ADDED from AndroidManifest.xml:38:9
	android:name
		ADDED from AndroidManifest.xml:33:9
meta-data#com.amap.api.v2.apikey
ADDED from AndroidManifest.xml:39:9
	android:value
		ADDED from AndroidManifest.xml:41:13
	android:name
		ADDED from AndroidManifest.xml:40:13
activity#com.main.MainActivity
ADDED from AndroidManifest.xml:42:9
	android:label
		ADDED from AndroidManifest.xml:44:13
	android:theme
		ADDED from AndroidManifest.xml:45:13
	android:name
		ADDED from AndroidManifest.xml:43:13
intent-filter#android.intent.action.MAIN+android.intent.category.LAUNCHER
ADDED from AndroidManifest.xml:46:13
action#android.intent.action.MAIN
ADDED from AndroidManifest.xml:47:17
	android:name
		ADDED from AndroidManifest.xml:47:25
category#android.intent.category.LAUNCHER
ADDED from AndroidManifest.xml:49:17
	android:name
		ADDED from AndroidManifest.xml:49:27
activity#com.chat.ChatActivity
ADDED from AndroidManifest.xml:52:9
	android:theme
		ADDED from AndroidManifest.xml:54:13
	android:name
		ADDED from AndroidManifest.xml:53:13
activity#com.main.ReadThread
ADDED from AndroidManifest.xml:55:9
	android:theme
		ADDED from AndroidManifest.xml:57:13
	android:name
		ADDED from AndroidManifest.xml:56:13
activity#com.main.NewThread
ADDED from AndroidManifest.xml:58:9
	android:windowSoftInputMode
		ADDED from AndroidManifest.xml:61:13
	android:theme
		ADDED from AndroidManifest.xml:60:13
	android:name
		ADDED from AndroidManifest.xml:59:13
activity#com.main.Settings
ADDED from AndroidManifest.xml:63:9
	android:theme
		ADDED from AndroidManifest.xml:65:13
	android:name
		ADDED from AndroidManifest.xml:64:13
activity#com.main.RankList
ADDED from AndroidManifest.xml:67:9
	android:theme
		ADDED from AndroidManifest.xml:69:13
	android:name
		ADDED from AndroidManifest.xml:68:13
activity#com.main.SearchThreadPost
ADDED from AndroidManifest.xml:71:9
	android:theme
		ADDED from AndroidManifest.xml:73:13
	android:name
		ADDED from AndroidManifest.xml:72:13
activity#com.main.SearchMemberGroup
ADDED from AndroidManifest.xml:74:9
	android:theme
		ADDED from AndroidManifest.xml:76:13
	android:name
		ADDED from AndroidManifest.xml:75:13
activity#com.main.Login
ADDED from AndroidManifest.xml:77:9
	android:theme
		ADDED from AndroidManifest.xml:79:13
	android:name
		ADDED from AndroidManifest.xml:78:13
activity#com.main.Topic
ADDED from AndroidManifest.xml:80:9
	android:theme
		ADDED from AndroidManifest.xml:82:13
	android:name
		ADDED from AndroidManifest.xml:81:13
activity#com.main.FindThread
ADDED from AndroidManifest.xml:83:9
	android:theme
		ADDED from AndroidManifest.xml:85:13
	android:name
		ADDED from AndroidManifest.xml:84:13
activity#com.main.ProfileUser
ADDED from AndroidManifest.xml:86:9
	android:theme
		ADDED from AndroidManifest.xml:88:13
	android:name
		ADDED from AndroidManifest.xml:87:13
activity#com.main.ImageGalleryActivity
ADDED from AndroidManifest.xml:89:9
	android:theme
		ADDED from AndroidManifest.xml:91:13
	android:name
		ADDED from AndroidManifest.xml:90:13
activity#com.main.Register
ADDED from AndroidManifest.xml:92:9
	android:theme
		ADDED from AndroidManifest.xml:94:13
	android:name
		ADDED from AndroidManifest.xml:93:13
activity#com.main.FocusActivity
ADDED from AndroidManifest.xml:95:9
	android:theme
		ADDED from AndroidManifest.xml:97:13
	android:name
		ADDED from AndroidManifest.xml:96:13
activity#com.main.ReadPost
ADDED from AndroidManifest.xml:98:9
	android:theme
		ADDED from AndroidManifest.xml:100:13
	android:name
		ADDED from AndroidManifest.xml:99:13
activity#com.main.IDManage
ADDED from AndroidManifest.xml:101:9
	android:theme
		ADDED from AndroidManifest.xml:103:13
	android:name
		ADDED from AndroidManifest.xml:102:13
activity#com.main.NoticeComment
ADDED from AndroidManifest.xml:104:9
	android:theme
		ADDED from AndroidManifest.xml:106:13
	android:name
		ADDED from AndroidManifest.xml:105:13
activity#com.main.NoticeFocus
ADDED from AndroidManifest.xml:107:9
	android:theme
		ADDED from AndroidManifest.xml:109:13
	android:name
		ADDED from AndroidManifest.xml:108:13
activity#com.main.NoticeTrade
ADDED from AndroidManifest.xml:110:9
	android:theme
		ADDED from AndroidManifest.xml:112:13
	android:name
		ADDED from AndroidManifest.xml:111:13
activity#com.main.NoticeGroup
ADDED from AndroidManifest.xml:113:9
	android:theme
		ADDED from AndroidManifest.xml:115:13
	android:name
		ADDED from AndroidManifest.xml:114:13
activity#com.main.CharityGroup
ADDED from AndroidManifest.xml:116:9
	android:theme
		ADDED from AndroidManifest.xml:118:13
	android:name
		ADDED from AndroidManifest.xml:117:13
activity#com.main.Evaluate
ADDED from AndroidManifest.xml:119:9
	android:theme
		ADDED from AndroidManifest.xml:121:13
	android:name
		ADDED from AndroidManifest.xml:120:13
activity#com.main.DraftBox
ADDED from AndroidManifest.xml:122:9
	android:theme
		ADDED from AndroidManifest.xml:124:13
	android:name
		ADDED from AndroidManifest.xml:123:13
activity#com.main.BriefThread
ADDED from AndroidManifest.xml:125:9
	android:theme
		ADDED from AndroidManifest.xml:127:13
	android:name
		ADDED from AndroidManifest.xml:126:13
activity#com.main.HDPicture
ADDED from AndroidManifest.xml:128:9
	android:theme
		ADDED from AndroidManifest.xml:130:13
	android:name
		ADDED from AndroidManifest.xml:129:13
activity#com.main.NewThreadGoods
ADDED from AndroidManifest.xml:131:9
	android:theme
		ADDED from AndroidManifest.xml:133:13
	android:name
		ADDED from AndroidManifest.xml:132:13
activity#com.main.GoodsDetail
ADDED from AndroidManifest.xml:134:9
	android:theme
		ADDED from AndroidManifest.xml:136:13
	android:name
		ADDED from AndroidManifest.xml:135:13
activity#com.main.ProfileGroup
ADDED from AndroidManifest.xml:137:9
	android:theme
		ADDED from AndroidManifest.xml:139:13
	android:name
		ADDED from AndroidManifest.xml:138:13
activity#com.main.NewThreadGoodsDes
ADDED from AndroidManifest.xml:140:9
	android:windowSoftInputMode
		ADDED from AndroidManifest.xml:143:13
	android:theme
		ADDED from AndroidManifest.xml:142:13
	android:name
		ADDED from AndroidManifest.xml:141:13
activity#com.main.ForumActivity
ADDED from AndroidManifest.xml:144:9
	android:theme
		ADDED from AndroidManifest.xml:146:13
	android:name
		ADDED from AndroidManifest.xml:145:13
activity#com.main.MyCollect
ADDED from AndroidManifest.xml:147:9
	android:theme
		ADDED from AndroidManifest.xml:149:13
	android:name
		ADDED from AndroidManifest.xml:148:13
activity#com.main.Add
ADDED from AndroidManifest.xml:150:9
	android:windowSoftInputMode
		ADDED from AndroidManifest.xml:153:13
	android:theme
		ADDED from AndroidManifest.xml:152:13
	android:name
		ADDED from AndroidManifest.xml:151:13
receiver#com.util.NetBroadcastReceiver
ADDED from AndroidManifest.xml:155:9
	android:name
		ADDED from AndroidManifest.xml:155:19
intent-filter#android.intent.action.NET_CHANGE_ACTION+android.net.conn.CONNECTIVITY_CHANGE
ADDED from AndroidManifest.xml:156:13
action#android.intent.action.NET_CHANGE_ACTION
ADDED from AndroidManifest.xml:157:17
	android:name
		ADDED from AndroidManifest.xml:157:25
action#android.net.conn.CONNECTIVITY_CHANGE
ADDED from AndroidManifest.xml:158:17
	android:name
		ADDED from AndroidManifest.xml:158:25
activity#com.main.SelectLocation
ADDED from AndroidManifest.xml:162:9
	android:theme
		ADDED from AndroidManifest.xml:164:13
	android:name
		ADDED from AndroidManifest.xml:163:13